<?xml version="1.0" encoding="UTF-8"?>
<!-- Generated by org.testng.reporters.JUnitReportReporter -->
<testsuite skipped="0" hostname="Achus_Machine" name="com.buffalocart.Test.ResetTest" tests="1" failures="0" timestamp="2021-10-26T21:12:30 IST" time="19.630" errors="0">
  <testcase name="VerifyErrorMessageDisplyedOnResetpasswordWithInvalidEmailId" time="19.630" classname="com.buffalocart.Test.ResetTest"/>
  <system-out/>
</testsuite> <!-- com.buffalocart.Test.ResetTest -->
