<?xml version="1.0" encoding="UTF-8"?>
<!-- Generated by org.testng.reporters.JUnitReportReporter -->
<testsuite skipped="0" hostname="Achus_Machine" name="com.buffalocart.Test.LoginTest" tests="4" failures="0" timestamp="2021-10-06T00:46:51 IST" time="65.552" errors="0">
  <testcase name="verifyLoginpageTitle" time="9.745" classname="com.buffalocart.Test.LoginTest"/>
  <system-out/>
  <testcase name="verifyUserLoginWithValidUserCredentials" time="31.475" classname="com.buffalocart.Test.LoginTest"/>
  <system-out/>
  <testcase name="verifyUserLoginWithInvalidUserCredentials" time="14.273" classname="com.buffalocart.Test.LoginTest"/>
  <system-out/>
  <testcase name="verifyUserAbleToClickOnRememeberMeCheckbox" time="10.059" classname="com.buffalocart.Test.LoginTest"/>
  <system-out/>
</testsuite> <!-- com.buffalocart.Test.LoginTest -->
