<?xml version="1.0" encoding="UTF-8"?>
<!-- Generated by org.testng.reporters.JUnitReportReporter -->
<testsuite skipped="0" hostname="Achus_Machine" name="com.buffalocart.Test.UserManagementTest" tests="1" failures="0" timestamp="2021-10-15T21:26:41 IST" time="31.925" errors="0">
  <testcase name="verifyUserManagementSubTabs" time="31.925" classname="com.buffalocart.Test.UserManagementTest"/>
  <system-out/>
</testsuite> <!-- com.buffalocart.Test.UserManagementTest -->
