<?xml version="1.0" encoding="UTF-8"?>
<!-- Generated by org.testng.reporters.JUnitReportReporter -->
<testsuite skipped="0" hostname="Achus_Machine" name="com.buffalocart.Test.HomeTest" tests="2" failures="0" timestamp="2021-10-18T21:11:15 IST" time="66.307" errors="0">
  <testcase name="verifyHomepageTitle" time="32.191" classname="com.buffalocart.Test.HomeTest"/>
  <system-out/>
  <testcase name="VerifyDateDisplayedInHomepage" time="34.116" classname="com.buffalocart.Test.HomeTest"/>
  <system-out/>
</testsuite> <!-- com.buffalocart.Test.HomeTest -->
