<?xml version="1.0" encoding="UTF-8"?>
<!-- Generated by org.testng.reporters.JUnitReportReporter -->
<testsuite skipped="0" hostname="Achus_Machine" name="com.buffalocart.Test.HomeTest" tests="1" failures="0" timestamp="2021-10-06T00:20:54 IST" time="29.888" errors="0">
  <testcase name="verifyHomepageTitle" time="29.888" classname="com.buffalocart.Test.HomeTest"/>
  <system-out/>
</testsuite> <!-- com.buffalocart.Test.HomeTest -->
