<?xml version="1.0" encoding="UTF-8"?>
<!-- Generated by org.testng.reporters.JUnitReportReporter -->
<testsuite skipped="0" hostname="Achus_Machine" name="com.buffalocart.Test.HomeTest" tests="2" failures="0" timestamp="2021-10-14T07:44:21 IST" time="52.972" errors="0">
  <testcase name="verifyHomepageTitle" time="25.821" classname="com.buffalocart.Test.HomeTest"/>
  <system-out/>
  <testcase name="VerifyDateDisplayedInHomepage" time="27.151" classname="com.buffalocart.Test.HomeTest"/>
  <system-out/>
</testsuite> <!-- com.buffalocart.Test.HomeTest -->
