<?xml version="1.0" encoding="UTF-8"?>
<!-- Generated by org.testng.reporters.JUnitReportReporter -->
<testsuite skipped="0" hostname="Achus_Machine" name="com.buffalocart.Test.LoginTest" tests="4" failures="0" timestamp="2021-10-26T21:12:30 IST" time="88.596" errors="0">
  <testcase name="verifyLoginpageTitle" time="13.895" classname="com.buffalocart.Test.LoginTest"/>
  <system-out/>
  <testcase name="verifyUserLoginWithValidUserCredentials" time="22.689" classname="com.buffalocart.Test.LoginTest"/>
  <system-out/>
  <testcase name="verifyUserLoginWithInvalidUserCredentials" time="28.886" classname="com.buffalocart.Test.LoginTest"/>
  <system-out/>
  <testcase name="verifyUserAbleToClickOnRememeberMeCheckbox" time="23.126" classname="com.buffalocart.Test.LoginTest"/>
  <system-out/>
</testsuite> <!-- com.buffalocart.Test.LoginTest -->
