<?xml version="1.0" encoding="UTF-8"?>
<!-- Generated by org.testng.reporters.JUnitReportReporter -->
<testsuite skipped="0" hostname="Achus_Machine" name="com.buffalocart.Test.UsersTest" tests="3" failures="0" timestamp="2021-10-18T21:11:15 IST" time="176.725" errors="0">
  <testcase name="verifyUserspageTitle" time="34.146" classname="com.buffalocart.Test.UsersTest"/>
  <system-out/>
  <testcase name="verifyUserSearch" time="75.810" classname="com.buffalocart.Test.UsersTest"/>
  <system-out/>
  <testcase name="verifyUserLoginWithNewlyAddedUser" time="66.769" classname="com.buffalocart.Test.UsersTest"/>
  <system-out/>
</testsuite> <!-- com.buffalocart.Test.UsersTest -->
