<?xml version="1.0" encoding="UTF-8"?>
<!-- Generated by org.testng.reporters.JUnitReportReporter -->
<testsuite skipped="0" hostname="Achus_Machine" name="com.buffalocart.Test.ResetTest" tests="1" failures="0" timestamp="2021-10-06T00:46:51 IST" time="25.037" errors="0">
  <testcase name="VerifyErrorMessageDisplyedOnResetpasswordWithInvalidEmailId" time="25.037" classname="com.buffalocart.Test.ResetTest"/>
  <system-out/>
</testsuite> <!-- com.buffalocart.Test.ResetTest -->
