<?xml version="1.0" encoding="UTF-8"?>
<!-- Generated by org.testng.reporters.JUnitReportReporter -->
<testsuite skipped="0" hostname="Achus_Machine" name="com.buffalocart.Test.LoginTest" tests="4" failures="0" timestamp="2021-10-15T21:49:23 IST" time="98.151" errors="0">
  <testcase name="verifyLoginpageTitle" time="21.531" classname="com.buffalocart.Test.LoginTest"/>
  <system-out/>
  <testcase name="verifyUserLoginWithValidUserCredentials" time="31.127" classname="com.buffalocart.Test.LoginTest"/>
  <system-out/>
  <testcase name="verifyUserLoginWithInvalidUserCredentials" time="24.605" classname="com.buffalocart.Test.LoginTest"/>
  <system-out/>
  <testcase name="verifyUserAbleToClickOnRememeberMeCheckbox" time="20.888" classname="com.buffalocart.Test.LoginTest"/>
  <system-out/>
</testsuite> <!-- com.buffalocart.Test.LoginTest -->
