<?xml version="1.0" encoding="UTF-8"?>
<!-- Generated by org.testng.reporters.JUnitReportReporter -->
<testsuite skipped="0" hostname="Achus_Machine" name="com.buffalocart.Test.RolesTest" tests="2" failures="0" timestamp="2021-10-25T20:29:49 IST" time="94.985" errors="0">
  <testcase name="verifyRolespageTitle" time="25.586" classname="com.buffalocart.Test.RolesTest"/>
  <system-out/>
  <testcase name="verifyAddedRoleInUserAddpage" time="69.399" classname="com.buffalocart.Test.RolesTest"/>
  <system-out/>
</testsuite> <!-- com.buffalocart.Test.RolesTest -->
