<?xml version="1.0" encoding="UTF-8"?>
<!-- Generated by org.testng.reporters.JUnitReportReporter -->
<testsuite skipped="0" hostname="Achus_Machine" name="com.buffalocart.Test.UsersTest" tests="3" failures="0" timestamp="2021-10-27T21:20:10 IST" time="139.749" errors="0">
  <testcase name="verifyUserspageTitle" time="22.764" classname="com.buffalocart.Test.UsersTest"/>
  <system-out/>
  <testcase name="verifyUserSearch" time="56.295" classname="com.buffalocart.Test.UsersTest"/>
  <system-out/>
  <testcase name="verifyUserLoginWithNewlyAddedUser" time="60.690" classname="com.buffalocart.Test.UsersTest"/>
  <system-out/>
</testsuite> <!-- com.buffalocart.Test.UsersTest -->
