<?xml version="1.0" encoding="UTF-8"?>
<!-- Generated by org.testng.reporters.JUnitReportReporter -->
<testsuite skipped="0" hostname="Achus_Machine" name="com.buffalocart.Test.ViewUserTest" tests="1" failures="0" timestamp="2021-10-18T21:11:15 IST" time="38.263" errors="0">
  <testcase name="verifyDetailsDisplayedOnViewuserPage" time="38.263" classname="com.buffalocart.Test.ViewUserTest"/>
  <system-out/>
</testsuite> <!-- com.buffalocart.Test.ViewUserTest -->
