<?xml version="1.0" encoding="UTF-8"?>
<!-- Generated by org.testng.reporters.JUnitReportReporter -->
<testsuite skipped="0" hostname="Achus_Machine" name="com.buffalocart.Test.ViewUserTest" tests="1" failures="0" timestamp="2021-10-27T21:20:11 IST" time="84.077" errors="0">
  <testcase name="verifyDetailsDisplayedOnViewuserPage" time="84.077" classname="com.buffalocart.Test.ViewUserTest"/>
  <system-out/>
</testsuite> <!-- com.buffalocart.Test.ViewUserTest -->
