<?xml version="1.0" encoding="UTF-8"?>
<!-- Generated by org.testng.reporters.JUnitReportReporter -->
<testsuite skipped="0" hostname="Achus_Machine" name="com.buffalocart.Test.UpdateRolesTest" tests="2" failures="0" timestamp="2021-10-27T21:20:10 IST" time="250.407" errors="0">
  <testcase name="verifyEditRolespageTitle" time="58.585" classname="com.buffalocart.Test.UpdateRolesTest"/>
  <system-out/>
  <testcase name="verifyUserCanUpdateRole" time="191.822" classname="com.buffalocart.Test.UpdateRolesTest"/>
  <system-out/>
</testsuite> <!-- com.buffalocart.Test.UpdateRolesTest -->
