<?xml version="1.0" encoding="UTF-8"?>
<!-- Generated by org.testng.reporters.JUnitReportReporter -->
<testsuite skipped="0" hostname="Achus_Machine" name="com.buffalocart.Test.UserManagementTest" tests="1" failures="0" timestamp="2021-10-08T00:10:32 IST" time="22.169" errors="0">
  <testcase name="verifyUserManagementSubTabs" time="22.169" classname="com.buffalocart.Test.UserManagementTest"/>
  <system-out/>
</testsuite> <!-- com.buffalocart.Test.UserManagementTest -->
