<?xml version="1.0" encoding="UTF-8"?>
<!-- Generated by org.testng.reporters.JUnitReportReporter -->
<testsuite skipped="0" hostname="Achus_Machine" name="com.buffalocart.Test.SalesCommisionAgentTest" tests="1" failures="0" timestamp="2021-10-09T23:33:41 IST" time="25.909" errors="0">
  <testcase name="verifySalesCommisionAgentpageTitle" time="25.909" classname="com.buffalocart.Test.SalesCommisionAgentTest"/>
  <system-out/>
</testsuite> <!-- com.buffalocart.Test.SalesCommisionAgentTest -->
