<?xml version="1.0" encoding="UTF-8"?>
<!-- Generated by org.testng.reporters.JUnitReportReporter -->
<testsuite skipped="0" hostname="Achus_Machine" name="com.buffalocart.Test.EditUsersTest" tests="1" failures="0" timestamp="2021-10-08T18:11:32 IST" time="36.801" errors="0">
  <testcase name="verifyEditUserpageTitle" time="36.801" classname="com.buffalocart.Test.EditUsersTest"/>
  <system-out/>
</testsuite> <!-- com.buffalocart.Test.EditUsersTest -->
