<?xml version="1.0" encoding="UTF-8"?>
<!-- Generated by org.testng.reporters.JUnitReportReporter -->
<testsuite skipped="0" hostname="Achus_Machine" name="com.buffalocart.Test.LoginTest" tests="4" failures="0" timestamp="2021-10-06T00:20:54 IST" time="44.584" errors="0">
  <testcase name="verifyLoginpageTitle" time="9.098" classname="com.buffalocart.Test.LoginTest"/>
  <system-out/>
  <testcase name="verifyUserLoginWithValidUserCredentials" time="14.222" classname="com.buffalocart.Test.LoginTest"/>
  <system-out/>
  <testcase name="verifyUserLoginWithInvalidUserCredentials" time="11.585" classname="com.buffalocart.Test.LoginTest"/>
  <system-out/>
  <testcase name="verifyUserAbleToClickOnRememeberMeCheckbox" time="9.679" classname="com.buffalocart.Test.LoginTest"/>
  <system-out/>
</testsuite> <!-- com.buffalocart.Test.LoginTest -->
