<?xml version="1.0" encoding="UTF-8"?>
<!-- Generated by org.testng.reporters.JUnitReportReporter -->
<testsuite skipped="0" hostname="Achus_Machine" name="com.buffalocart.Test.SignoutTest" tests="1" failures="0" timestamp="2021-10-18T21:11:15 IST" time="30.313" errors="0">
  <testcase name="verifyUserNavigatingToLoginPageByClickingOnSignout" time="30.313" classname="com.buffalocart.Test.SignoutTest"/>
  <system-out/>
</testsuite> <!-- com.buffalocart.Test.SignoutTest -->
