<?xml version="1.0" encoding="UTF-8"?>
<!-- Generated by org.testng.reporters.JUnitReportReporter -->
<testsuite skipped="0" hostname="Achus_Machine" name="com.buffalocart.Test.AddSalesCommisionAgentTest" tests="1" failures="0" timestamp="2021-10-27T21:20:10 IST" time="57.652" errors="0">
  <testcase name="verifyUserCanAddSalesagent" time="57.652" classname="com.buffalocart.Test.AddSalesCommisionAgentTest"/>
  <system-out/>
</testsuite> <!-- com.buffalocart.Test.AddSalesCommisionAgentTest -->
