<?xml version="1.0" encoding="UTF-8"?>
<!-- Generated by org.testng.reporters.JUnitReportReporter -->
<testsuite skipped="0" hostname="Achus_Machine" name="com.buffalocart.Test.RolesTest" tests="2" failures="0" timestamp="2021-10-27T21:20:10 IST" time="91.970" errors="0">
  <testcase name="verifyRolespageTitle" time="20.199" classname="com.buffalocart.Test.RolesTest"/>
  <system-out/>
  <testcase name="verifyAddedRoleInUserAddpage" time="71.771" classname="com.buffalocart.Test.RolesTest"/>
  <system-out/>
</testsuite> <!-- com.buffalocart.Test.RolesTest -->
