<?xml version="1.0" encoding="UTF-8"?>
<!-- Generated by org.testng.reporters.JUnitReportReporter -->
<testsuite skipped="0" hostname="Achus_Machine" name="com.buffalocart.Test.UpdateRolesTest" tests="2" failures="0" timestamp="2021-10-18T21:11:15 IST" time="216.720" errors="0">
  <testcase name="verifyEditRolespageTitle" time="48.756" classname="com.buffalocart.Test.UpdateRolesTest"/>
  <system-out/>
  <testcase name="verifyUserCanUpdateRole" time="167.964" classname="com.buffalocart.Test.UpdateRolesTest"/>
  <system-out/>
</testsuite> <!-- com.buffalocart.Test.UpdateRolesTest -->
