<?xml version="1.0" encoding="UTF-8"?>
<!-- Generated by org.testng.reporters.JUnitReportReporter -->
<testsuite skipped="0" hostname="Achus_Machine" name="com.buffalocart.Test.HomeTest" tests="2" failures="0" timestamp="2021-10-27T21:20:10 IST" time="35.691" errors="0">
  <testcase name="verifyHomepageTitle" time="15.860" classname="com.buffalocart.Test.HomeTest"/>
  <system-out/>
  <testcase name="VerifyDateDisplayedInHomepage" time="19.831" classname="com.buffalocart.Test.HomeTest"/>
  <system-out/>
</testsuite> <!-- com.buffalocart.Test.HomeTest -->
