<?xml version="1.0" encoding="UTF-8"?>
<!-- Generated by org.testng.reporters.JUnitReportReporter -->
<testsuite skipped="0" hostname="Achus_Machine" name="com.buffalocart.Test.UsersTest" tests="3" failures="0" timestamp="2021-10-26T21:12:30 IST" time="154.221" errors="0">
  <testcase name="verifyUserspageTitle" time="25.287" classname="com.buffalocart.Test.UsersTest"/>
  <system-out/>
  <testcase name="verifyUserSearch" time="61.717" classname="com.buffalocart.Test.UsersTest"/>
  <system-out/>
  <testcase name="verifyUserLoginWithNewlyAddedUser" time="67.217" classname="com.buffalocart.Test.UsersTest"/>
  <system-out/>
</testsuite> <!-- com.buffalocart.Test.UsersTest -->
