<?xml version="1.0" encoding="UTF-8"?>
<!-- Generated by org.testng.reporters.JUnitReportReporter -->
<testsuite skipped="0" hostname="Achus_Machine" name="com.buffalocart.Test.HomeTest" tests="2" failures="0" timestamp="2021-10-26T21:12:30 IST" time="50.622" errors="0">
  <testcase name="verifyHomepageTitle" time="30.947" classname="com.buffalocart.Test.HomeTest"/>
  <system-out/>
  <testcase name="VerifyDateDisplayedInHomepage" time="19.675" classname="com.buffalocart.Test.HomeTest"/>
  <system-out/>
</testsuite> <!-- com.buffalocart.Test.HomeTest -->
