<?xml version="1.0" encoding="UTF-8"?>
<!-- Generated by org.testng.reporters.JUnitReportReporter -->
<testsuite skipped="0" hostname="Achus_Machine" name="com.buffalocart.Test.UpdateRolesTest" tests="2" failures="0" timestamp="2021-10-25T20:29:49 IST" time="325.535" errors="0">
  <testcase name="verifyEditRolespageTitle" time="63.590" classname="com.buffalocart.Test.UpdateRolesTest"/>
  <system-out/>
  <testcase name="verifyUserCanUpdateRole" time="261.945" classname="com.buffalocart.Test.UpdateRolesTest"/>
  <system-out/>
</testsuite> <!-- com.buffalocart.Test.UpdateRolesTest -->
