<?xml version="1.0" encoding="UTF-8"?>
<!-- Generated by org.testng.reporters.JUnitReportReporter -->
<testsuite skipped="0" hostname="Achus_Machine" name="com.buffalocart.Test.UpdateUsersTest" tests="2" failures="0" timestamp="2021-10-27T21:20:10 IST" time="187.400" errors="0">
  <testcase name="verifyEditUserpageTitle" time="58.809" classname="com.buffalocart.Test.UpdateUsersTest"/>
  <system-out/>
  <testcase name="verifyUserCanEditUserDetails" time="128.591" classname="com.buffalocart.Test.UpdateUsersTest"/>
  <system-out/>
</testsuite> <!-- com.buffalocart.Test.UpdateUsersTest -->
