<?xml version="1.0" encoding="UTF-8"?>
<!-- Generated by org.testng.reporters.JUnitReportReporter -->
<testsuite skipped="0" hostname="Achus_Machine" name="com.buffalocart.Test.SalesCommisionAgentTest" tests="1" failures="0" timestamp="2021-10-18T21:11:15 IST" time="26.449" errors="0">
  <testcase name="verifySalesCommisionAgentpageTitle" time="26.449" classname="com.buffalocart.Test.SalesCommisionAgentTest"/>
  <system-out/>
</testsuite> <!-- com.buffalocart.Test.SalesCommisionAgentTest -->
