<?xml version="1.0" encoding="UTF-8"?>
<!-- Generated by org.testng.reporters.JUnitReportReporter -->
<testsuite skipped="0" hostname="Achus_Machine" name="com.buffalocart.Test.AddRolesTest" tests="2" failures="0" timestamp="2021-10-25T20:29:49 IST" time="156.116" errors="0">
  <testcase name="verifyRolespageTitle" time="27.828" classname="com.buffalocart.Test.AddRolesTest"/>
  <system-out/>
  <testcase name="VerifyUserCanAddRoles" time="128.288" classname="com.buffalocart.Test.AddRolesTest"/>
  <system-out/>
</testsuite> <!-- com.buffalocart.Test.AddRolesTest -->
