<?xml version="1.0" encoding="UTF-8"?>
<!-- Generated by org.testng.reporters.JUnitReportReporter -->
<testsuite skipped="0" hostname="Achus_Machine" name="com.buffalocart.Test.DeleteUserTest" tests="1" failures="0" timestamp="2021-10-18T21:11:15 IST" time="49.152" errors="0">
  <testcase name="verifyDeleteUserpageTitle" time="49.152" classname="com.buffalocart.Test.DeleteUserTest"/>
  <system-out/>
</testsuite> <!-- com.buffalocart.Test.DeleteUserTest -->
