<?xml version="1.0" encoding="UTF-8"?>
<!-- Generated by org.testng.reporters.JUnitReportReporter -->
<testsuite skipped="0" hostname="Achus_Machine" name="com.buffalocart.Test.RolesTest" tests="2" failures="0" timestamp="2021-10-18T21:11:15 IST" time="90.375" errors="0">
  <testcase name="verifyRolespageTitle" time="26.870" classname="com.buffalocart.Test.RolesTest"/>
  <system-out/>
  <testcase name="verifyAddedRoleInUserAddpage" time="63.505" classname="com.buffalocart.Test.RolesTest"/>
  <system-out/>
</testsuite> <!-- com.buffalocart.Test.RolesTest -->
