<?xml version="1.0" encoding="UTF-8"?>
<!-- Generated by org.testng.reporters.JUnitReportReporter -->
<testsuite skipped="0" hostname="Achus_Machine" name="com.buffalocart.Test.DeleteSalesCommisionAgentTest" tests="1" failures="0" timestamp="2021-10-18T21:11:15 IST" time="161.298" errors="0">
  <testcase name="verifyUserCanDeleteSalesCommissionAgents" time="161.298" classname="com.buffalocart.Test.DeleteSalesCommisionAgentTest"/>
  <system-out/>
</testsuite> <!-- com.buffalocart.Test.DeleteSalesCommisionAgentTest -->
