<?xml version="1.0" encoding="UTF-8"?>
<!-- Generated by org.testng.reporters.JUnitReportReporter -->
<testsuite skipped="0" hostname="Achus_Machine" name="com.buffalocart.Test.LoginTest" tests="4" failures="0" timestamp="2021-10-27T21:20:11 IST" time="55.737" errors="0">
  <testcase name="verifyLoginpageTitle" time="14.217" classname="com.buffalocart.Test.LoginTest"/>
  <system-out/>
  <testcase name="verifyUserLoginWithValidUserCredentials" time="16.857" classname="com.buffalocart.Test.LoginTest"/>
  <system-out/>
  <testcase name="verifyUserLoginWithInvalidUserCredentials" time="14.030" classname="com.buffalocart.Test.LoginTest"/>
  <system-out/>
  <testcase name="verifyUserAbleToClickOnRememeberMeCheckbox" time="10.633" classname="com.buffalocart.Test.LoginTest"/>
  <system-out/>
</testsuite> <!-- com.buffalocart.Test.LoginTest -->
