<?xml version="1.0" encoding="UTF-8"?>
<!-- Generated by org.testng.reporters.JUnitReportReporter -->
<testsuite skipped="0" hostname="Achus_Machine" name="com.buffalocart.Test.AddUsersTest" tests="3" failures="0" timestamp="2021-10-18T21:11:15 IST" time="184.196" errors="0">
  <testcase name="verifyErrorMessageDisplayedWithoutFillingMandatoryFields" time="37.987" classname="com.buffalocart.Test.AddUsersTest"/>
  <system-out/>
  <testcase name="verifyAddUserspageTitle" time="32.761" classname="com.buffalocart.Test.AddUsersTest"/>
  <system-out/>
  <testcase name="verifyUserCanAddUserDetails" time="113.448" classname="com.buffalocart.Test.AddUsersTest"/>
  <system-out/>
</testsuite> <!-- com.buffalocart.Test.AddUsersTest -->
