<?xml version="1.0" encoding="UTF-8"?>
<!-- Generated by org.testng.reporters.JUnitReportReporter -->
<testsuite skipped="0" hostname="Achus_Machine" name="com.buffalocart.Test.DeleteRolesTest" tests="1" failures="0" timestamp="2021-10-27T21:20:10 IST" time="91.057" errors="0">
  <testcase name="verifyUserCanDeleteRole" time="91.057" classname="com.buffalocart.Test.DeleteRolesTest"/>
  <system-out/>
</testsuite> <!-- com.buffalocart.Test.DeleteRolesTest -->
