<?xml version="1.0" encoding="UTF-8"?>
<!-- Generated by org.testng.reporters.JUnitReportReporter -->
<testsuite skipped="0" hostname="Achus_Machine" name="com.buffalocart.Test.UpdateRolesTest" tests="2" failures="0" timestamp="2021-10-15T21:26:41 IST" time="95.438" errors="0">
  <testcase name="verifyEditRolespageTitle" time="36.177" classname="com.buffalocart.Test.UpdateRolesTest"/>
  <system-out/>
  <testcase name="verifyUserCanUpdateRole" time="59.261" classname="com.buffalocart.Test.UpdateRolesTest"/>
  <system-out/>
</testsuite> <!-- com.buffalocart.Test.UpdateRolesTest -->
