<?xml version="1.0" encoding="UTF-8"?>
<!-- Generated by org.testng.reporters.JUnitReportReporter -->
<testsuite skipped="0" hostname="Achus_Machine" name="com.buffalocart.Test.UsersTest" tests="1" failures="0" timestamp="2021-10-08T00:10:32 IST" time="21.463" errors="0">
  <testcase name="verifyUserspageTitle" time="21.463" classname="com.buffalocart.Test.UsersTest"/>
  <system-out/>
</testsuite> <!-- com.buffalocart.Test.UsersTest -->
