<?xml version="1.0" encoding="UTF-8"?>
<!-- Generated by org.testng.reporters.JUnitReportReporter -->
<testsuite skipped="0" hostname="Achus_Machine" name="com.buffalocart.Test.AddUsersTest" tests="3" failures="0" timestamp="2021-10-27T21:20:11 IST" time="129.371" errors="0">
  <testcase name="verifyErrorMessageDisplayedWithoutFillingMandatoryFields" time="24.540" classname="com.buffalocart.Test.AddUsersTest"/>
  <system-out/>
  <testcase name="verifyAddUserspageTitle" time="45.517" classname="com.buffalocart.Test.AddUsersTest"/>
  <system-out/>
  <testcase name="verifyUserCanAddUserDetails" time="59.314" classname="com.buffalocart.Test.AddUsersTest"/>
  <system-out/>
</testsuite> <!-- com.buffalocart.Test.AddUsersTest -->
