<?xml version="1.0" encoding="UTF-8"?>
<!-- Generated by org.testng.reporters.JUnitReportReporter -->
<testsuite skipped="0" hostname="Achus_Machine" name="com.buffalocart.Test.SignoutTest" tests="1" failures="0" timestamp="2021-10-15T21:26:41 IST" time="33.560" errors="0">
  <testcase name="verifyUserNavigatingToLoginPageByClickingOnSignout" time="33.560" classname="com.buffalocart.Test.SignoutTest"/>
  <system-out/>
</testsuite> <!-- com.buffalocart.Test.SignoutTest -->
