<?xml version="1.0" encoding="UTF-8"?>
<!-- Generated by org.testng.reporters.JUnitReportReporter -->
<testsuite skipped="0" hostname="Achus_Machine" name="com.buffalocart.Test.UpdateRolesTest" tests="1" failures="0" timestamp="2021-10-13T20:37:07 IST" time="58.976" errors="0">
  <testcase name="verifyUserCanUpdateRole" time="58.976" classname="com.buffalocart.Test.UpdateRolesTest"/>
  <system-out/>
</testsuite> <!-- com.buffalocart.Test.UpdateRolesTest -->
