<?xml version="1.0" encoding="UTF-8"?>
<!-- Generated by org.testng.reporters.JUnitReportReporter -->
<testsuite skipped="0" hostname="Achus_Machine" name="com.buffalocart.Test.AddRolesTest" tests="2" failures="0" timestamp="2021-10-27T21:20:11 IST" time="110.106" errors="0">
  <testcase name="verifyRolespageTitle" time="23.905" classname="com.buffalocart.Test.AddRolesTest"/>
  <system-out/>
  <testcase name="VerifyUserCanAddRoles" time="86.201" classname="com.buffalocart.Test.AddRolesTest"/>
  <system-out/>
</testsuite> <!-- com.buffalocart.Test.AddRolesTest -->
