<?xml version="1.0" encoding="UTF-8"?>
<!-- Generated by org.testng.reporters.JUnitReportReporter -->
<testsuite skipped="0" hostname="Achus_Machine" name="com.buffalocart.Test.DeleteSalesCommisionAgentTest" tests="1" failures="0" timestamp="2021-10-25T20:29:49 IST" time="182.221" errors="0">
  <testcase name="verifyUserCanDeleteSalesCommissionAgents" time="182.221" classname="com.buffalocart.Test.DeleteSalesCommisionAgentTest"/>
  <system-out/>
</testsuite> <!-- com.buffalocart.Test.DeleteSalesCommisionAgentTest -->
