<?xml version="1.0" encoding="UTF-8"?>
<!-- Generated by org.testng.reporters.JUnitReportReporter -->
<testsuite skipped="0" hostname="Achus_Machine" name="com.buffalocart.Test.AddRolesTest" tests="2" failures="0" timestamp="2021-10-14T07:44:21 IST" time="69.155" errors="0">
  <testcase name="verifyRolespageTitle" time="31.308" classname="com.buffalocart.Test.AddRolesTest"/>
  <system-out/>
  <testcase name="VerifyUserCanAddRoles" time="37.847" classname="com.buffalocart.Test.AddRolesTest"/>
  <system-out/>
</testsuite> <!-- com.buffalocart.Test.AddRolesTest -->
