<?xml version="1.0" encoding="UTF-8"?>
<!-- Generated by org.testng.reporters.JUnitReportReporter -->
<testsuite skipped="0" hostname="Achus_Machine" name="com.buffalocart.Test.SalesCommisionAgentTest" tests="1" failures="0" timestamp="2021-10-15T21:26:41 IST" time="30.166" errors="0">
  <testcase name="verifySalesCommisionAgentpageTitle" time="30.166" classname="com.buffalocart.Test.SalesCommisionAgentTest"/>
  <system-out/>
</testsuite> <!-- com.buffalocart.Test.SalesCommisionAgentTest -->
