<?xml version="1.0" encoding="UTF-8"?>
<!-- Generated by org.testng.reporters.JUnitReportReporter -->
<testsuite skipped="0" hostname="Achus_Machine" name="com.buffalocart.Test.AddUsersTest" tests="3" failures="0" timestamp="2021-10-26T21:12:30 IST" time="144.111" errors="0">
  <testcase name="verifyErrorMessageDisplayedWithoutFillingMandatoryFields" time="33.169" classname="com.buffalocart.Test.AddUsersTest"/>
  <system-out/>
  <testcase name="verifyAddUserspageTitle" time="37.923" classname="com.buffalocart.Test.AddUsersTest"/>
  <system-out/>
  <testcase name="verifyUserCanAddUserDetails" time="73.019" classname="com.buffalocart.Test.AddUsersTest"/>
  <system-out/>
</testsuite> <!-- com.buffalocart.Test.AddUsersTest -->
